{
  "stats": {
    "suites": 4,
    "tests": 14,
    "passes": 14,
    "pending": 0,
    "failures": 0,
    "start": "2020-02-29T02:51:58.329Z",
    "end": "2020-02-29T02:51:58.748Z",
    "duration": 419,
    "testsRegistered": 14,
    "passPercent": 100,
    "pendingPercent": 0,
    "other": 0,
    "hasOther": false,
    "skipped": 0,
    "hasSkipped": false
  },
  "results": [
    {
      "uuid": "b87e6291-76ac-4d67-a000-05adfbe2be3d",
      "title": "",
      "fullFile": "",
      "file": "",
      "beforeHooks": [],
      "afterHooks": [],
      "tests": [],
      "suites": [
        {
          "uuid": "58410213-264e-48ba-af77-812f467b46ae",
          "title": "POST Request",
          "fullFile": "/Users/simtomar/Desktop/My_Projects/Rest_Api_Test_Automation/tests_mocha/create_user.js",
          "file": "/tests_mocha/create_user.js",
          "beforeHooks": [],
          "afterHooks": [],
          "tests": [
            {
              "title": "makes a POST call with name rob and title receptionist",
              "fullTitle": "POST Request makes a POST call with name rob and title receptionist",
              "timedOut": false,
              "duration": 107,
              "state": "passed",
              "speed": "slow",
              "pass": true,
              "fail": false,
              "pending": false,
              "context": null,
              "code": "return callback(val);",
              "err": {},
              "uuid": "551f3fb0-b3e1-4a17-a807-e264dea22b34",
              "parentUUID": "58410213-264e-48ba-af77-812f467b46ae",
              "isHook": false,
              "skipped": false
            },
            {
              "title": "makes a POST call with name sally and title painter",
              "fullTitle": "POST Request makes a POST call with name sally and title painter",
              "timedOut": false,
              "duration": 58,
              "state": "passed",
              "speed": "medium",
              "pass": true,
              "fail": false,
              "pending": false,
              "context": null,
              "code": "return callback(val);",
              "err": {},
              "uuid": "08e9a7bf-93a9-4c64-932b-edd420899f5e",
              "parentUUID": "58410213-264e-48ba-af77-812f467b46ae",
              "isHook": false,
              "skipped": false
            },
            {
              "title": "makes a POST call with name simit and title architect",
              "fullTitle": "POST Request makes a POST call with name simit and title architect",
              "timedOut": false,
              "duration": 60,
              "state": "passed",
              "speed": "medium",
              "pass": true,
              "fail": false,
              "pending": false,
              "context": null,
              "code": "return callback(val);",
              "err": {},
              "uuid": "0a51b5d8-99af-444d-bd05-9c65e8535e1d",
              "parentUUID": "58410213-264e-48ba-af77-812f467b46ae",
              "isHook": false,
              "skipped": false
            },
            {
              "title": "asserts that the response code is 201",
              "fullTitle": "POST Request asserts that the response code is 201",
              "timedOut": false,
              "duration": 1,
              "state": "passed",
              "speed": "fast",
              "pass": true,
              "fail": false,
              "pending": false,
              "context": null,
              "code": "await (expect(post_resp.status).to.eql(201));",
              "err": {},
              "uuid": "1f30028a-6be4-4ad7-89c2-f8470f1bed8e",
              "parentUUID": "58410213-264e-48ba-af77-812f467b46ae",
              "isHook": false,
              "skipped": false
            }
          ],
          "suites": [],
          "passes": [
            "551f3fb0-b3e1-4a17-a807-e264dea22b34",
            "08e9a7bf-93a9-4c64-932b-edd420899f5e",
            "0a51b5d8-99af-444d-bd05-9c65e8535e1d",
            "1f30028a-6be4-4ad7-89c2-f8470f1bed8e"
          ],
          "failures": [],
          "pending": [],
          "skipped": [],
          "duration": 226,
          "root": false,
          "rootEmpty": false,
          "_timeout": 2000
        },
        {
          "uuid": "1c0e6ae2-d635-4965-8c48-4c3b36bbf930",
          "title": "DELETE Request",
          "fullFile": "/Users/simtomar/Desktop/My_Projects/Rest_Api_Test_Automation/tests_mocha/delete_user.js",
          "file": "/tests_mocha/delete_user.js",
          "beforeHooks": [],
          "afterHooks": [],
          "tests": [
            {
              "title": "makes a delete call ",
              "fullTitle": "DELETE Request makes a delete call ",
              "timedOut": false,
              "duration": 60,
              "state": "passed",
              "speed": "medium",
              "pass": true,
              "fail": false,
              "pending": false,
              "context": null,
              "code": "del_resp = await baseURL.delete(list_users);\n// await (console.log(del_resp.body));",
              "err": {},
              "uuid": "5963d470-5be0-4186-83f1-c3459745e8ee",
              "parentUUID": "1c0e6ae2-d635-4965-8c48-4c3b36bbf930",
              "isHook": false,
              "skipped": false
            },
            {
              "title": "asserts that the response code is 204",
              "fullTitle": "DELETE Request asserts that the response code is 204",
              "timedOut": false,
              "duration": 0,
              "state": "passed",
              "speed": "fast",
              "pass": true,
              "fail": false,
              "pending": false,
              "context": null,
              "code": "await (expect(del_resp.status).to.eql(204));",
              "err": {},
              "uuid": "8bed8c04-06f5-4465-b3b1-b77502f167b6",
              "parentUUID": "1c0e6ae2-d635-4965-8c48-4c3b36bbf930",
              "isHook": false,
              "skipped": false
            }
          ],
          "suites": [],
          "passes": [
            "5963d470-5be0-4186-83f1-c3459745e8ee",
            "8bed8c04-06f5-4465-b3b1-b77502f167b6"
          ],
          "failures": [],
          "pending": [],
          "skipped": [],
          "duration": 60,
          "root": false,
          "rootEmpty": false,
          "_timeout": 2000
        },
        {
          "uuid": "31d9edfc-377a-4d17-83a7-a3f542e1c28b",
          "title": "First Request to Get Users",
          "fullFile": "/Users/simtomar/Desktop/My_Projects/Rest_Api_Test_Automation/tests_mocha/list_user.js",
          "file": "/tests_mocha/list_user.js",
          "beforeHooks": [],
          "afterHooks": [],
          "tests": [
            {
              "title": "See Response",
              "fullTitle": "First Request to Get Users See Response",
              "timedOut": false,
              "duration": 34,
              "state": "passed",
              "speed": "fast",
              "pass": true,
              "fail": false,
              "pending": false,
              "context": null,
              "code": "res = await baseURL.get(list_users); //Sending the GET request\n// console.log(res.body);",
              "err": {},
              "uuid": "e39d4f1d-2c4a-4176-9a1e-c3e17df59d66",
              "parentUUID": "31d9edfc-377a-4d17-83a7-a3f542e1c28b",
              "isHook": false,
              "skipped": false
            },
            {
              "title": "checks that the response was OK",
              "fullTitle": "First Request to Get Users checks that the response was OK",
              "timedOut": false,
              "duration": 1,
              "state": "passed",
              "speed": "fast",
              "pass": true,
              "fail": false,
              "pending": false,
              "context": null,
              "code": "await (expect(res.status).to.equal(200));",
              "err": {},
              "uuid": "444618ea-d9ff-4db5-9b8d-3c6cc8e9ec7a",
              "parentUUID": "31d9edfc-377a-4d17-83a7-a3f542e1c28b",
              "isHook": false,
              "skipped": false
            },
            {
              "title": "asserts the various attributes",
              "fullTitle": "First Request to Get Users asserts the various attributes",
              "timedOut": false,
              "duration": 0,
              "state": "passed",
              "speed": "fast",
              "pass": true,
              "fail": false,
              "pending": false,
              "context": null,
              "code": "await(expect(res.body.page).to.equal(2));",
              "err": {},
              "uuid": "edc2dfed-d365-49d2-ba15-649b8eb588b8",
              "parentUUID": "31d9edfc-377a-4d17-83a7-a3f542e1c28b",
              "isHook": false,
              "skipped": false
            },
            {
              "title": "checks that the data is an array",
              "fullTitle": "First Request to Get Users checks that the data is an array",
              "timedOut": false,
              "duration": 1,
              "state": "passed",
              "speed": "fast",
              "pass": true,
              "fail": false,
              "pending": false,
              "context": null,
              "code": "await (expect(res.body.data).to.be.an('array'));",
              "err": {},
              "uuid": "ac08e738-60c0-4323-a6cd-fc0975233d2b",
              "parentUUID": "31d9edfc-377a-4d17-83a7-a3f542e1c28b",
              "isHook": false,
              "skipped": false
            },
            {
              "title": "prints length of data array",
              "fullTitle": "First Request to Get Users prints length of data array",
              "timedOut": false,
              "duration": 0,
              "state": "passed",
              "speed": "fast",
              "pass": true,
              "fail": false,
              "pending": false,
              "context": null,
              "code": "// await (console.log(res.body.data.length));",
              "err": {},
              "uuid": "b02125d8-6d76-4123-b224-be55d8816614",
              "parentUUID": "31d9edfc-377a-4d17-83a7-a3f542e1c28b",
              "isHook": false,
              "skipped": false
            },
            {
              "title": "gets the id from the array",
              "fullTitle": "First Request to Get Users gets the id from the array",
              "timedOut": false,
              "duration": 0,
              "state": "passed",
              "speed": "fast",
              "pass": true,
              "fail": false,
              "pending": false,
              "context": null,
              "code": "for(let i=0;i<res.body.data.length;i++){\n   // await(console.log(res.body.data[i].id));\n   // await (console.log(res.body.data[i].first_name));\n}",
              "err": {},
              "uuid": "a8caa295-0144-425e-bdec-e8665eabee9e",
              "parentUUID": "31d9edfc-377a-4d17-83a7-a3f542e1c28b",
              "isHook": false,
              "skipped": false
            },
            {
              "title": "matches the schema for the API",
              "fullTitle": "First Request to Get Users matches the schema for the API",
              "timedOut": false,
              "duration": 2,
              "state": "passed",
              "speed": "fast",
              "pass": true,
              "fail": false,
              "pending": false,
              "context": null,
              "code": "await (expect(joi.validate(schema.schema).error).to.be.null);",
              "err": {},
              "uuid": "2a66698c-3a9b-4280-8e27-2b724f418d70",
              "parentUUID": "31d9edfc-377a-4d17-83a7-a3f542e1c28b",
              "isHook": false,
              "skipped": false
            }
          ],
          "suites": [],
          "passes": [
            "e39d4f1d-2c4a-4176-9a1e-c3e17df59d66",
            "444618ea-d9ff-4db5-9b8d-3c6cc8e9ec7a",
            "edc2dfed-d365-49d2-ba15-649b8eb588b8",
            "ac08e738-60c0-4323-a6cd-fc0975233d2b",
            "b02125d8-6d76-4123-b224-be55d8816614",
            "a8caa295-0144-425e-bdec-e8665eabee9e",
            "2a66698c-3a9b-4280-8e27-2b724f418d70"
          ],
          "failures": [],
          "pending": [],
          "skipped": [],
          "duration": 38,
          "root": false,
          "rootEmpty": false,
          "_timeout": 2000
        },
        {
          "uuid": "71160279-54cd-43f9-8528-70bd13e47c2c",
          "title": "PUT Request",
          "fullFile": "/Users/simtomar/Desktop/My_Projects/Rest_Api_Test_Automation/tests_mocha/put_user.js",
          "file": "/tests_mocha/put_user.js",
          "beforeHooks": [],
          "afterHooks": [],
          "tests": [
            {
              "title": "makes a POST call ",
              "fullTitle": "PUT Request makes a POST call ",
              "timedOut": false,
              "duration": 66,
              "state": "passed",
              "speed": "medium",
              "pass": true,
              "fail": false,
              "pending": false,
              "context": null,
              "code": "put_resp = await baseURL.put(list_users)\n    .type('form')\n    .send({\n        \"name\": \"morpheus\",\n        \"job\": \"zion resident\"\n    })\n    .set('Accept', '/application/\\json/');\n// await (console.log(put_resp.body));",
              "err": {},
              "uuid": "bd3aa3bc-e9e3-444f-93bc-e092d24f91ac",
              "parentUUID": "71160279-54cd-43f9-8528-70bd13e47c2c",
              "isHook": false,
              "skipped": false
            }
          ],
          "suites": [],
          "passes": [
            "bd3aa3bc-e9e3-444f-93bc-e092d24f91ac"
          ],
          "failures": [],
          "pending": [],
          "skipped": [],
          "duration": 66,
          "root": false,
          "rootEmpty": false,
          "_timeout": 2000
        }
      ],
      "passes": [],
      "failures": [],
      "pending": [],
      "skipped": [],
      "duration": 0,
      "root": true,
      "rootEmpty": true,
      "_timeout": 2000
    }
  ],
  "meta": {
    "mocha": {
      "version": "7.0.1"
    },
    "mochawesome": {
      "options": {
        "quiet": false,
        "reportFilename": "mochawesome",
        "saveHtml": true,
        "saveJson": true,
        "consoleReporter": "spec",
        "useInlineDiffs": false
      },
      "version": "4.1.0"
    },
    "marge": {
      "options": null,
      "version": "4.1.0"
    }
  }
}