{
  "stats": {
    "suites": 4,
    "tests": 12,
    "passes": 12,
    "pending": 0,
    "failures": 0,
    "start": "2020-02-21T13:02:16.759Z",
    "end": "2020-02-21T13:02:17.129Z",
    "duration": 370,
    "testsRegistered": 12,
    "passPercent": 100,
    "pendingPercent": 0,
    "other": 0,
    "hasOther": false,
    "skipped": 0,
    "hasSkipped": false
  },
  "results": [
    {
      "uuid": "f7c64f87-f6a7-4c99-aad5-337c01c81068",
      "title": "",
      "fullFile": "",
      "file": "",
      "beforeHooks": [],
      "afterHooks": [],
      "tests": [],
      "suites": [
        {
          "uuid": "a34f20f4-823a-4bf9-bae1-fae8c1c9aa9a",
          "title": "POST Request",
          "fullFile": "/Users/simtomar/Desktop/My_Projects/Rest_Api_Test_Automation/tests_mocha/create_user.js",
          "file": "/tests_mocha/create_user.js",
          "beforeHooks": [],
          "afterHooks": [],
          "tests": [
            {
              "title": "makes a POST call ",
              "fullTitle": "POST Request makes a POST call ",
              "timedOut": false,
              "duration": 131,
              "state": "passed",
              "speed": "slow",
              "pass": true,
              "fail": false,
              "pending": false,
              "context": null,
              "code": "post_resp = await baseURL.post(list_users)\n.type('form')\n.send({\n        \"name\": \"morpheus\",\n        \"job\": \"leader\"\n})\n.set('Accept','/application/\\json/');\nawait (console.log(post_resp.body));",
              "err": {},
              "uuid": "eb4d5745-0c82-4c2d-b099-bb0fc90e385b",
              "parentUUID": "a34f20f4-823a-4bf9-bae1-fae8c1c9aa9a",
              "isHook": false,
              "skipped": false
            },
            {
              "title": "asserts that the response code is 201",
              "fullTitle": "POST Request asserts that the response code is 201",
              "timedOut": false,
              "duration": 2,
              "state": "passed",
              "speed": "fast",
              "pass": true,
              "fail": false,
              "pending": false,
              "context": null,
              "code": "await (expect(post_resp.status).to.eql(201));",
              "err": {},
              "uuid": "fa486198-b0ca-42d2-9803-ca2c6db07d0a",
              "parentUUID": "a34f20f4-823a-4bf9-bae1-fae8c1c9aa9a",
              "isHook": false,
              "skipped": false
            }
          ],
          "suites": [],
          "passes": [
            "eb4d5745-0c82-4c2d-b099-bb0fc90e385b",
            "fa486198-b0ca-42d2-9803-ca2c6db07d0a"
          ],
          "failures": [],
          "pending": [],
          "skipped": [],
          "duration": 133,
          "root": false,
          "rootEmpty": false,
          "_timeout": 2000
        },
        {
          "uuid": "6304a9a8-3b12-49c7-ad16-212a2ed531a2",
          "title": "DELETE Request",
          "fullFile": "/Users/simtomar/Desktop/My_Projects/Rest_Api_Test_Automation/tests_mocha/delete_user.js",
          "file": "/tests_mocha/delete_user.js",
          "beforeHooks": [],
          "afterHooks": [],
          "tests": [
            {
              "title": "makes a delete call ",
              "fullTitle": "DELETE Request makes a delete call ",
              "timedOut": false,
              "duration": 68,
              "state": "passed",
              "speed": "medium",
              "pass": true,
              "fail": false,
              "pending": false,
              "context": null,
              "code": "del_resp = await baseURL.delete(list_users);\nawait (console.log(del_resp.body));",
              "err": {},
              "uuid": "a599febb-9b55-4ebd-a8c8-f863a1d46856",
              "parentUUID": "6304a9a8-3b12-49c7-ad16-212a2ed531a2",
              "isHook": false,
              "skipped": false
            },
            {
              "title": "asserts that the response code is 204",
              "fullTitle": "DELETE Request asserts that the response code is 204",
              "timedOut": false,
              "duration": 1,
              "state": "passed",
              "speed": "fast",
              "pass": true,
              "fail": false,
              "pending": false,
              "context": null,
              "code": "await (expect(del_resp.status).to.eql(204));",
              "err": {},
              "uuid": "ce041e89-bb00-4666-bbe8-7f85d2fbef70",
              "parentUUID": "6304a9a8-3b12-49c7-ad16-212a2ed531a2",
              "isHook": false,
              "skipped": false
            }
          ],
          "suites": [],
          "passes": [
            "a599febb-9b55-4ebd-a8c8-f863a1d46856",
            "ce041e89-bb00-4666-bbe8-7f85d2fbef70"
          ],
          "failures": [],
          "pending": [],
          "skipped": [],
          "duration": 69,
          "root": false,
          "rootEmpty": false,
          "_timeout": 2000
        },
        {
          "uuid": "06baa047-c4ed-4fd9-a6ad-42f27880ba19",
          "title": "First Request to Get Users",
          "fullFile": "/Users/simtomar/Desktop/My_Projects/Rest_Api_Test_Automation/tests_mocha/list_user.js",
          "file": "/tests_mocha/list_user.js",
          "beforeHooks": [],
          "afterHooks": [],
          "tests": [
            {
              "title": "See Response",
              "fullTitle": "First Request to Get Users See Response",
              "timedOut": false,
              "duration": 69,
              "state": "passed",
              "speed": "medium",
              "pass": true,
              "fail": false,
              "pending": false,
              "context": null,
              "code": "res = await baseURL.get(list_users); //Sending the GET request\nconsole.log(res.body);",
              "err": {},
              "uuid": "0b2c8b31-1dff-49fc-ae8b-0a7acf348174",
              "parentUUID": "06baa047-c4ed-4fd9-a6ad-42f27880ba19",
              "isHook": false,
              "skipped": false
            },
            {
              "title": "checks that the response was OK",
              "fullTitle": "First Request to Get Users checks that the response was OK",
              "timedOut": false,
              "duration": 1,
              "state": "passed",
              "speed": "fast",
              "pass": true,
              "fail": false,
              "pending": false,
              "context": null,
              "code": "await (expect(res.status).to.equal(200));",
              "err": {},
              "uuid": "291fe571-c06e-44e0-aa6e-aadc09208d64",
              "parentUUID": "06baa047-c4ed-4fd9-a6ad-42f27880ba19",
              "isHook": false,
              "skipped": false
            },
            {
              "title": "asserts the various attributes",
              "fullTitle": "First Request to Get Users asserts the various attributes",
              "timedOut": false,
              "duration": 0,
              "state": "passed",
              "speed": "fast",
              "pass": true,
              "fail": false,
              "pending": false,
              "context": null,
              "code": "await(expect(res.body.page).to.equal(2));",
              "err": {},
              "uuid": "44c3361c-f2d2-4755-8b87-b18c58ac55fd",
              "parentUUID": "06baa047-c4ed-4fd9-a6ad-42f27880ba19",
              "isHook": false,
              "skipped": false
            },
            {
              "title": "checks that the data is an array",
              "fullTitle": "First Request to Get Users checks that the data is an array",
              "timedOut": false,
              "duration": 1,
              "state": "passed",
              "speed": "fast",
              "pass": true,
              "fail": false,
              "pending": false,
              "context": null,
              "code": "await (expect(res.body.data).to.be.an('array'));",
              "err": {},
              "uuid": "3c0ce388-a372-4b97-a470-bf636d971539",
              "parentUUID": "06baa047-c4ed-4fd9-a6ad-42f27880ba19",
              "isHook": false,
              "skipped": false
            },
            {
              "title": "prints length of data array",
              "fullTitle": "First Request to Get Users prints length of data array",
              "timedOut": false,
              "duration": 1,
              "state": "passed",
              "speed": "fast",
              "pass": true,
              "fail": false,
              "pending": false,
              "context": null,
              "code": "await (console.log(res.body.data.length));",
              "err": {},
              "uuid": "4465b448-50c5-4b58-ad9b-2069d0db6feb",
              "parentUUID": "06baa047-c4ed-4fd9-a6ad-42f27880ba19",
              "isHook": false,
              "skipped": false
            },
            {
              "title": "gets the id from the array",
              "fullTitle": "First Request to Get Users gets the id from the array",
              "timedOut": false,
              "duration": 0,
              "state": "passed",
              "speed": "fast",
              "pass": true,
              "fail": false,
              "pending": false,
              "context": null,
              "code": "for(let i=0;i<res.body.data.length;i++){\n   await(console.log(res.body.data[i].id));\n   await (console.log(res.body.data[i].first_name));\n}",
              "err": {},
              "uuid": "a40341af-2be4-4c54-bd4c-54f31198cba5",
              "parentUUID": "06baa047-c4ed-4fd9-a6ad-42f27880ba19",
              "isHook": false,
              "skipped": false
            },
            {
              "title": "matches the schema for the API",
              "fullTitle": "First Request to Get Users matches the schema for the API",
              "timedOut": false,
              "duration": 1,
              "state": "passed",
              "speed": "fast",
              "pass": true,
              "fail": false,
              "pending": false,
              "context": null,
              "code": "await (expect(joi.validate(schema.schema).error).to.be.null);",
              "err": {},
              "uuid": "37df93be-70f5-4644-9350-1c01e04464e3",
              "parentUUID": "06baa047-c4ed-4fd9-a6ad-42f27880ba19",
              "isHook": false,
              "skipped": false
            }
          ],
          "suites": [],
          "passes": [
            "0b2c8b31-1dff-49fc-ae8b-0a7acf348174",
            "291fe571-c06e-44e0-aa6e-aadc09208d64",
            "44c3361c-f2d2-4755-8b87-b18c58ac55fd",
            "3c0ce388-a372-4b97-a470-bf636d971539",
            "4465b448-50c5-4b58-ad9b-2069d0db6feb",
            "a40341af-2be4-4c54-bd4c-54f31198cba5",
            "37df93be-70f5-4644-9350-1c01e04464e3"
          ],
          "failures": [],
          "pending": [],
          "skipped": [],
          "duration": 73,
          "root": false,
          "rootEmpty": false,
          "_timeout": 2000
        },
        {
          "uuid": "87164342-f260-4c66-867d-91fdad2b0ce5",
          "title": "PUT Request",
          "fullFile": "/Users/simtomar/Desktop/My_Projects/Rest_Api_Test_Automation/tests_mocha/put_user.js",
          "file": "/tests_mocha/put_user.js",
          "beforeHooks": [],
          "afterHooks": [],
          "tests": [
            {
              "title": "makes a POST call ",
              "fullTitle": "PUT Request makes a POST call ",
              "timedOut": false,
              "duration": 76,
              "state": "passed",
              "speed": "slow",
              "pass": true,
              "fail": false,
              "pending": false,
              "context": null,
              "code": "put_resp = await baseURL.put(list_users)\n    .type('form')\n    .send({\n        \"name\": \"morpheus\",\n        \"job\": \"zion resident\"\n    })\n    .set('Accept', '/application/\\json/');\nawait (console.log(put_resp.body));",
              "err": {},
              "uuid": "ac6cdad1-28a9-47d4-8eb9-552c94af9239",
              "parentUUID": "87164342-f260-4c66-867d-91fdad2b0ce5",
              "isHook": false,
              "skipped": false
            }
          ],
          "suites": [],
          "passes": [
            "ac6cdad1-28a9-47d4-8eb9-552c94af9239"
          ],
          "failures": [],
          "pending": [],
          "skipped": [],
          "duration": 76,
          "root": false,
          "rootEmpty": false,
          "_timeout": 2000
        }
      ],
      "passes": [],
      "failures": [],
      "pending": [],
      "skipped": [],
      "duration": 0,
      "root": true,
      "rootEmpty": true,
      "_timeout": 2000
    }
  ],
  "meta": {
    "mocha": {
      "version": "7.0.1"
    },
    "mochawesome": {
      "options": {
        "quiet": false,
        "reportFilename": "mochawesome",
        "saveHtml": true,
        "saveJson": true,
        "consoleReporter": "spec",
        "useInlineDiffs": false
      },
      "version": "4.1.0"
    },
    "marge": {
      "options": null,
      "version": "4.1.0"
    }
  }
}